<?xml version="1.0" encoding="UTF-8"?>
<testsuite name="tourGuide.TestPerformance" tests="1" skipped="0" failures="0" errors="0" timestamp="2026-09-01T12:03:59" hostname="Gleeezzz" time="100.688">
  <properties/>
  <testcase name="highVolumeTrackLocation" classname="tourGuide.TestPerformance" time="100.688"/>
  <system-out><![CDATA[13:03:59.860 [Test worker] INFO tourGuide.service.TourGuideService - TestMode enabled
13:03:59.868 [Test worker] DEBUG tourGuide.service.TourGuideService - Initializing users
13:04:00.739 [Test worker] DEBUG tourGuide.service.TourGuideService - Created 100000 internal test users.
13:04:00.740 [Test worker] DEBUG tourGuide.service.TourGuideService - Finished initializing users
13:04:00.781 [pool-1-thread-1] DEBUG tourGuide.tracker.Tracker - Begin Tracker. Tracking 100000 users.
highVolumeTrackLocation: Time Elapsed: 99 seconds.
]]></system-out>
  <system-err><![CDATA[Sep 01, 2026 1:03:59 PM org.javamoney.moneta.DefaultMonetaryContextFactory createMonetaryContextNonNullConfig
INFO: Using custom MathContext: precision=256, roundingMode=HALF_EVEN
]]></system-err>
</testsuite>
